[2026-05-26T00:07:45] Started control-guided condensate classification
[2026-05-26T00:07:45] Python version: 3.11.13 | packaged by Anaconda, Inc. | (main, Jun  5 2025, 13:03:15) [MSC v.1929 64 bit (AMD64)]
[2026-05-26T00:07:45] Operating system: Windows-10-10.0.26200-SP0
[2026-05-26T00:07:45] Current working directory: C:\Users\rangq\Desktop\SMT_codes\Analysis_PIPELINE\workshopV2\Smol-FIESTA\SMol_FIESTA
[2026-05-26T00:07:45] Project folder: D:\Tianzi\condensate_classification_pj
[2026-05-26T00:07:45] Output folder: D:\Tianzi\condensate_classification_pj\control_guided_classification
[2026-05-26T00:07:45] Dry run: False
[2026-05-26T00:07:45] Random seed: 42
[2026-05-26T00:07:46] Discovered 953 files
[2026-05-26T00:07:46] Standardized MCM2_Bound copy created: D:\Tianzi\condensate_classification_pj\control_guided_classification\standardized_inputs\MCM2_Bound.csv
[2026-05-26T00:08:10] NLS trapping threshold: nan
[2026-05-26T00:08:10] Diffusive fraction threshold: 0.5
[2026-05-26T00:08:10] Control outlier threshold: 3.6538428494336097
[2026-05-26T00:08:12] WARNING: trapping_score_controls_vs_targets plot skipped because trapping_score is unavailable.
[2026-05-26T00:08:13] Finished with exit code 0
[git] git remote add origin https://github.com/MuyiTZ/condensate_classification_pj
[git] git branch -M main
[git] git push -u origin main
[warning] git push timed out after 10 minutes; local repository remains committed on main with origin configured. Manual push required.
[git] Retried push after authentication. GitHub warned about a 68.19 MB file above recommended size but below hard limit.
[git] Remote main now points to 6ac8d40; fetched origin/main and local main is synced.
